2022/10/28 17:54:22 [notice] 1#1: using the "epoll" event method
2022/10/28 17:54:22 [notice] 1#1: nginx/1.23.2
2022/10/28 17:54:22 [notice] 1#1: built by gcc 10.2.1 20210110 (Debian 10.2.1-6) 
2022/10/28 17:54:22 [notice] 1#1: OS: Linux 5.19.0-kali2-amd64
2022/10/28 17:54:22 [notice] 1#1: getrlimit(RLIMIT_NOFILE): 1048576:1048576
2022/10/28 17:54:22 [notice] 1#1: start worker processes
2022/10/28 17:54:22 [notice] 1#1: start worker process 28
2022/10/28 17:54:22 [notice] 1#1: start worker process 29
2022/10/28 17:54:22 [notice] 1#1: start worker process 30
2022/10/28 17:54:22 [notice] 1#1: start worker process 31
2022/10/28 17:55:18 [notice] 1#1: signal 3 (SIGQUIT) received, shutting down
2022/10/28 17:55:18 [notice] 28#28: gracefully shutting down
2022/10/28 17:55:18 [notice] 28#28: exiting
2022/10/28 17:55:18 [notice] 28#28: exit
2022/10/28 17:55:18 [notice] 29#29: gracefully shutting down
2022/10/28 17:55:18 [notice] 29#29: exiting
2022/10/28 17:55:18 [notice] 30#30: gracefully shutting down
2022/10/28 17:55:18 [notice] 30#30: exiting
2022/10/28 17:55:18 [notice] 31#31: gracefully shutting down
2022/10/28 17:55:18 [notice] 31#31: exiting
2022/10/28 17:55:18 [notice] 31#31: exit
2022/10/28 17:55:18 [notice] 29#29: exit
2022/10/28 17:55:18 [notice] 30#30: exit
2022/10/28 17:55:18 [notice] 1#1: signal 17 (SIGCHLD) received from 28
2022/10/28 17:55:18 [notice] 1#1: worker process 28 exited with code 0
2022/10/28 17:55:18 [notice] 1#1: signal 29 (SIGIO) received
2022/10/28 17:55:18 [notice] 1#1: signal 17 (SIGCHLD) received from 29
2022/10/28 17:55:18 [notice] 1#1: worker process 29 exited with code 0
2022/10/28 17:55:18 [notice] 1#1: signal 29 (SIGIO) received
2022/10/28 17:55:18 [notice] 1#1: signal 17 (SIGCHLD) received from 30
2022/10/28 17:55:18 [notice] 1#1: worker process 30 exited with code 0
2022/10/28 17:55:18 [notice] 1#1: signal 29 (SIGIO) received
2022/10/28 17:55:18 [notice] 1#1: signal 17 (SIGCHLD) received from 31
2022/10/28 17:55:18 [notice] 1#1: worker process 31 exited with code 0
2022/10/28 17:55:18 [notice] 1#1: exit
2022/10/28 17:55:20 [notice] 1#1: using the "epoll" event method
2022/10/28 17:55:20 [notice] 1#1: nginx/1.23.2
2022/10/28 17:55:20 [notice] 1#1: built by gcc 10.2.1 20210110 (Debian 10.2.1-6) 
2022/10/28 17:55:20 [notice] 1#1: OS: Linux 5.19.0-kali2-amd64
2022/10/28 17:55:20 [notice] 1#1: getrlimit(RLIMIT_NOFILE): 1048576:1048576
2022/10/28 17:55:20 [notice] 1#1: start worker processes
2022/10/28 17:55:20 [notice] 1#1: start worker process 28
2022/10/28 17:55:20 [notice] 1#1: start worker process 29
2022/10/28 17:55:20 [notice] 1#1: start worker process 30
2022/10/28 17:55:20 [notice] 1#1: start worker process 31
2022/10/28 17:55:30 [notice] 1#1: signal 3 (SIGQUIT) received, shutting down
2022/10/28 17:55:30 [notice] 29#29: gracefully shutting down
2022/10/28 17:55:30 [notice] 29#29: exiting
2022/10/28 17:55:30 [notice] 29#29: exit
2022/10/28 17:55:30 [notice] 28#28: gracefully shutting down
2022/10/28 17:55:30 [notice] 28#28: exiting
2022/10/28 17:55:30 [notice] 28#28: exit
2022/10/28 17:55:30 [notice] 30#30: gracefully shutting down
2022/10/28 17:55:30 [notice] 30#30: exiting
2022/10/28 17:55:30 [notice] 30#30: exit
2022/10/28 17:55:30 [notice] 31#31: gracefully shutting down
2022/10/28 17:55:30 [notice] 31#31: exiting
2022/10/28 17:55:30 [notice] 31#31: exit
2022/10/28 17:55:30 [notice] 1#1: signal 17 (SIGCHLD) received from 29
2022/10/28 17:55:30 [notice] 1#1: worker process 28 exited with code 0
2022/10/28 17:55:30 [notice] 1#1: worker process 29 exited with code 0
2022/10/28 17:55:30 [notice] 1#1: signal 29 (SIGIO) received
2022/10/28 17:55:30 [notice] 1#1: signal 17 (SIGCHLD) received from 28
2022/10/28 17:55:30 [notice] 1#1: signal 17 (SIGCHLD) received from 30
2022/10/28 17:55:30 [notice] 1#1: worker process 30 exited with code 0
2022/10/28 17:55:30 [notice] 1#1: signal 29 (SIGIO) received
2022/10/28 17:55:30 [notice] 1#1: signal 17 (SIGCHLD) received from 31
2022/10/28 17:55:30 [notice] 1#1: worker process 31 exited with code 0
2022/10/28 17:55:30 [notice] 1#1: exit
2022/10/28 17:55:37 [notice] 1#1: using the "epoll" event method
2022/10/28 17:55:37 [notice] 1#1: nginx/1.23.2
2022/10/28 17:55:37 [notice] 1#1: built by gcc 10.2.1 20210110 (Debian 10.2.1-6) 
2022/10/28 17:55:37 [notice] 1#1: OS: Linux 5.19.0-kali2-amd64
2022/10/28 17:55:37 [notice] 1#1: getrlimit(RLIMIT_NOFILE): 1048576:1048576
2022/10/28 17:55:37 [notice] 1#1: start worker processes
2022/10/28 17:55:37 [notice] 1#1: start worker process 28
2022/10/28 17:55:37 [notice] 1#1: start worker process 29
2022/10/28 17:55:37 [notice] 1#1: start worker process 30
2022/10/28 17:55:37 [notice] 1#1: start worker process 31
2022/10/28 18:04:15 [notice] 1#1: signal 3 (SIGQUIT) received, shutting down
2022/10/28 18:04:15 [notice] 29#29: gracefully shutting down
2022/10/28 18:04:15 [notice] 29#29: exiting
2022/10/28 18:04:15 [notice] 28#28: gracefully shutting down
2022/10/28 18:04:15 [notice] 29#29: exit
2022/10/28 18:04:15 [notice] 28#28: exiting
2022/10/28 18:04:15 [notice] 28#28: exit
2022/10/28 18:04:15 [notice] 31#31: gracefully shutting down
2022/10/28 18:04:15 [notice] 31#31: exiting
2022/10/28 18:04:15 [notice] 31#31: exit
2022/10/28 18:04:15 [notice] 30#30: gracefully shutting down
2022/10/28 18:04:15 [notice] 30#30: exiting
2022/10/28 18:04:15 [notice] 30#30: exit
2022/10/28 18:04:15 [notice] 1#1: signal 17 (SIGCHLD) received from 30
2022/10/28 18:04:15 [notice] 1#1: worker process 30 exited with code 0
2022/10/28 18:04:15 [notice] 1#1: signal 29 (SIGIO) received
2022/10/28 18:04:15 [notice] 1#1: signal 17 (SIGCHLD) received from 28
2022/10/28 18:04:15 [notice] 1#1: worker process 28 exited with code 0
2022/10/28 18:04:15 [notice] 1#1: signal 29 (SIGIO) received
2022/10/28 18:04:15 [notice] 1#1: signal 17 (SIGCHLD) received from 31
2022/10/28 18:04:15 [notice] 1#1: worker process 31 exited with code 0
2022/10/28 18:04:15 [notice] 1#1: signal 29 (SIGIO) received
2022/10/28 18:04:15 [notice] 1#1: signal 17 (SIGCHLD) received from 29
2022/10/28 18:04:15 [notice] 1#1: worker process 29 exited with code 0
2022/10/28 18:04:15 [notice] 1#1: exit
2022/10/28 18:04:16 [notice] 1#1: using the "epoll" event method
2022/10/28 18:04:16 [notice] 1#1: nginx/1.23.2
2022/10/28 18:04:16 [notice] 1#1: built by gcc 10.2.1 20210110 (Debian 10.2.1-6) 
2022/10/28 18:04:16 [notice] 1#1: OS: Linux 5.19.0-kali2-amd64
2022/10/28 18:04:16 [notice] 1#1: getrlimit(RLIMIT_NOFILE): 1048576:1048576
2022/10/28 18:04:16 [notice] 1#1: start worker processes
2022/10/28 18:04:16 [notice] 1#1: start worker process 28
2022/10/28 18:04:16 [notice] 1#1: start worker process 29
2022/10/28 18:04:16 [notice] 1#1: start worker process 30
2022/10/28 18:04:16 [notice] 1#1: start worker process 31
2022/10/28 18:05:51 [notice] 1#1: signal 3 (SIGQUIT) received, shutting down
2022/10/28 18:05:51 [notice] 30#30: gracefully shutting down
2022/10/28 18:05:51 [notice] 30#30: exiting
2022/10/28 18:05:51 [notice] 30#30: exit
2022/10/28 18:05:51 [notice] 29#29: gracefully shutting down
2022/10/28 18:05:51 [notice] 29#29: exiting
2022/10/28 18:05:51 [notice] 29#29: exit
2022/10/28 18:05:51 [notice] 28#28: gracefully shutting down
2022/10/28 18:05:51 [notice] 28#28: exiting
2022/10/28 18:05:51 [notice] 28#28: exit
2022/10/28 18:05:51 [notice] 31#31: gracefully shutting down
2022/10/28 18:05:51 [notice] 31#31: exiting
2022/10/28 18:05:51 [notice] 31#31: exit
2022/10/28 18:05:51 [notice] 1#1: signal 17 (SIGCHLD) received from 29
2022/10/28 18:05:51 [notice] 1#1: worker process 28 exited with code 0
2022/10/28 18:05:51 [notice] 1#1: worker process 29 exited with code 0
2022/10/28 18:05:51 [notice] 1#1: worker process 30 exited with code 0
2022/10/28 18:05:51 [notice] 1#1: signal 29 (SIGIO) received
2022/10/28 18:05:51 [notice] 1#1: signal 17 (SIGCHLD) received from 28
2022/10/28 18:05:51 [notice] 1#1: signal 17 (SIGCHLD) received from 31
2022/10/28 18:05:51 [notice] 1#1: worker process 31 exited with code 0
2022/10/28 18:05:51 [notice] 1#1: exit
2022/10/28 18:05:57 [notice] 1#1: using the "epoll" event method
2022/10/28 18:05:57 [notice] 1#1: nginx/1.23.2
2022/10/28 18:05:57 [notice] 1#1: built by gcc 10.2.1 20210110 (Debian 10.2.1-6) 
2022/10/28 18:05:57 [notice] 1#1: OS: Linux 5.19.0-kali2-amd64
2022/10/28 18:05:57 [notice] 1#1: getrlimit(RLIMIT_NOFILE): 1048576:1048576
2022/10/28 18:05:57 [notice] 1#1: start worker processes
2022/10/28 18:05:57 [notice] 1#1: start worker process 28
2022/10/28 18:05:57 [notice] 1#1: start worker process 29
2022/10/28 18:05:57 [notice] 1#1: start worker process 30
2022/10/28 18:05:57 [notice] 1#1: start worker process 31
2022/10/28 18:08:12 [notice] 1#1: signal 3 (SIGQUIT) received, shutting down
2022/10/28 18:08:12 [notice] 30#30: gracefully shutting down
2022/10/28 18:08:12 [notice] 30#30: exiting
2022/10/28 18:08:12 [notice] 30#30: exit
2022/10/28 18:08:12 [notice] 29#29: gracefully shutting down
2022/10/28 18:08:12 [notice] 29#29: exiting
2022/10/28 18:08:12 [notice] 29#29: exit
2022/10/28 18:08:12 [notice] 28#28: gracefully shutting down
2022/10/28 18:08:12 [notice] 28#28: exiting
2022/10/28 18:08:12 [notice] 28#28: exit
2022/10/28 18:08:12 [notice] 31#31: gracefully shutting down
2022/10/28 18:08:12 [notice] 31#31: exiting
2022/10/28 18:08:12 [notice] 31#31: exit
2022/10/28 18:08:12 [notice] 1#1: signal 17 (SIGCHLD) received from 29
2022/10/28 18:08:12 [notice] 1#1: worker process 29 exited with code 0
2022/10/28 18:08:12 [notice] 1#1: signal 29 (SIGIO) received
2022/10/28 18:08:12 [notice] 1#1: signal 17 (SIGCHLD) received from 30
2022/10/28 18:08:12 [notice] 1#1: worker process 30 exited with code 0
2022/10/28 18:08:12 [notice] 1#1: signal 29 (SIGIO) received
2022/10/28 18:08:12 [notice] 1#1: signal 17 (SIGCHLD) received from 28
2022/10/28 18:08:12 [notice] 1#1: worker process 28 exited with code 0
2022/10/28 18:08:12 [notice] 1#1: signal 29 (SIGIO) received
2022/10/28 18:08:12 [notice] 1#1: signal 17 (SIGCHLD) received from 31
2022/10/28 18:08:12 [notice] 1#1: worker process 31 exited with code 0
2022/10/28 18:08:12 [notice] 1#1: exit
2022/10/31 09:51:34 [notice] 1#1: using the "epoll" event method
2022/10/31 09:51:34 [notice] 1#1: nginx/1.23.2
2022/10/31 09:51:34 [notice] 1#1: built by gcc 10.2.1 20210110 (Debian 10.2.1-6) 
2022/10/31 09:51:34 [notice] 1#1: OS: Linux 5.19.0-kali2-amd64
2022/10/31 09:51:34 [notice] 1#1: getrlimit(RLIMIT_NOFILE): 1048576:1048576
2022/10/31 09:51:34 [notice] 1#1: start worker processes
2022/10/31 09:51:34 [notice] 1#1: start worker process 28
2022/10/31 09:51:34 [notice] 1#1: start worker process 29
2022/10/31 09:51:34 [notice] 1#1: start worker process 30
2022/10/31 09:51:34 [notice] 1#1: start worker process 31
2022/10/31 10:01:35 [notice] 1#1: signal 3 (SIGQUIT) received, shutting down
2022/10/31 10:01:35 [notice] 28#28: gracefully shutting down
2022/10/31 10:01:35 [notice] 28#28: exiting
2022/10/31 10:01:35 [notice] 28#28: exit
2022/10/31 10:01:35 [notice] 29#29: gracefully shutting down
2022/10/31 10:01:35 [notice] 29#29: exiting
2022/10/31 10:01:35 [notice] 29#29: exit
2022/10/31 10:01:35 [notice] 30#30: gracefully shutting down
2022/10/31 10:01:35 [notice] 30#30: exiting
2022/10/31 10:01:35 [notice] 30#30: exit
2022/10/31 10:01:35 [notice] 31#31: gracefully shutting down
2022/10/31 10:01:35 [notice] 31#31: exiting
2022/10/31 10:01:35 [notice] 31#31: exit
2022/10/31 10:01:35 [notice] 1#1: signal 17 (SIGCHLD) received from 29
2022/10/31 10:01:35 [notice] 1#1: worker process 29 exited with code 0
2022/10/31 10:01:35 [notice] 1#1: signal 29 (SIGIO) received
2022/10/31 10:01:35 [notice] 1#1: signal 17 (SIGCHLD) received from 31
2022/10/31 10:01:35 [notice] 1#1: worker process 31 exited with code 0
2022/10/31 10:01:35 [notice] 1#1: signal 29 (SIGIO) received
2022/10/31 10:01:35 [notice] 1#1: signal 17 (SIGCHLD) received from 28
2022/10/31 10:01:35 [notice] 1#1: worker process 28 exited with code 0
2022/10/31 10:01:35 [notice] 1#1: signal 29 (SIGIO) received
2022/10/31 10:01:35 [notice] 1#1: signal 17 (SIGCHLD) received from 30
2022/10/31 10:01:35 [notice] 1#1: worker process 30 exited with code 0
2022/10/31 10:01:35 [notice] 1#1: exit
2022/11/01 11:26:26 [notice] 1#1: using the "epoll" event method
2022/11/01 11:26:26 [notice] 1#1: nginx/1.23.2
2022/11/01 11:26:26 [notice] 1#1: built by gcc 10.2.1 20210110 (Debian 10.2.1-6) 
2022/11/01 11:26:26 [notice] 1#1: OS: Linux 5.19.0-kali2-amd64
2022/11/01 11:26:26 [notice] 1#1: getrlimit(RLIMIT_NOFILE): 1048576:1048576
2022/11/01 11:26:26 [notice] 1#1: start worker processes
2022/11/01 11:26:26 [notice] 1#1: start worker process 28
2022/11/01 11:26:26 [notice] 1#1: start worker process 29
2022/11/01 11:26:26 [notice] 1#1: start worker process 30
2022/11/01 11:26:26 [notice] 1#1: start worker process 31
2022/11/01 11:47:02 [notice] 1#1: signal 3 (SIGQUIT) received, shutting down
2022/11/01 11:47:02 [notice] 28#28: gracefully shutting down
2022/11/01 11:47:02 [notice] 28#28: exiting
2022/11/01 11:47:02 [notice] 28#28: exit
2022/11/01 11:47:02 [notice] 29#29: gracefully shutting down
2022/11/01 11:47:02 [notice] 29#29: exiting
2022/11/01 11:47:02 [notice] 30#30: gracefully shutting down
2022/11/01 11:47:02 [notice] 30#30: exiting
2022/11/01 11:47:02 [notice] 29#29: exit
2022/11/01 11:47:02 [notice] 30#30: exit
2022/11/01 11:47:02 [notice] 31#31: gracefully shutting down
2022/11/01 11:47:02 [notice] 31#31: exiting
2022/11/01 11:47:02 [notice] 31#31: exit
2022/11/01 11:47:02 [notice] 1#1: signal 17 (SIGCHLD) received from 30
2022/11/01 11:47:02 [notice] 1#1: worker process 30 exited with code 0
2022/11/01 11:47:02 [notice] 1#1: worker process 31 exited with code 0
2022/11/01 11:47:02 [notice] 1#1: signal 29 (SIGIO) received
2022/11/01 11:47:02 [notice] 1#1: signal 17 (SIGCHLD) received from 28
2022/11/01 11:47:02 [notice] 1#1: worker process 28 exited with code 0
2022/11/01 11:47:02 [notice] 1#1: signal 29 (SIGIO) received
2022/11/01 11:47:02 [notice] 1#1: signal 17 (SIGCHLD) received from 29
2022/11/01 11:47:02 [notice] 1#1: worker process 29 exited with code 0
2022/11/01 11:47:02 [notice] 1#1: exit
2022/11/01 11:59:06 [notice] 1#1: using the "epoll" event method
2022/11/01 11:59:06 [notice] 1#1: nginx/1.23.2
2022/11/01 11:59:06 [notice] 1#1: built by gcc 10.2.1 20210110 (Debian 10.2.1-6) 
2022/11/01 11:59:06 [notice] 1#1: OS: Linux 5.19.0-kali2-amd64
2022/11/01 11:59:06 [notice] 1#1: getrlimit(RLIMIT_NOFILE): 1048576:1048576
2022/11/01 11:59:06 [notice] 1#1: start worker processes
2022/11/01 11:59:06 [notice] 1#1: start worker process 28
2022/11/01 11:59:06 [notice] 1#1: start worker process 29
2022/11/01 11:59:06 [notice] 1#1: start worker process 30
2022/11/01 11:59:06 [notice] 1#1: start worker process 31
